# JRE version: Java(TM) SE Runtime Environment (8.0_171-b11) (build 1.8.0_171-b11)
# Java VM: Java HotSpot(TM) 64-Bit Server VM (25.171-b11 mixed mode bsd-amd64 compressed oops)
Heap:
 PSYoungGen      total 465920K, used 132320K [0x0000000795580000, 0x00000007c0000000, 0x00000007c0000000)
  eden space 232960K, 0% used [0x0000000795580000,0x0000000795580000,0x00000007a3900000)
  from space 232960K, 56% used [0x00000007a3900000,0x00000007aba38000,0x00000007b1c80000)
  to   space 232960K, 0% used [0x00000007b1c80000,0x00000007b1c80000,0x00000007c0000000)
 ParOldGen       total 1145344K, used 1104883K [0x0000000740000000, 0x0000000785e80000, 0x0000000795580000)
  object space 1145344K, 96% used [0x0000000740000000,0x00000007836fcf68,0x0000000785e80000)
 Metaspace       used 13509K, capacity 13810K, committed 13952K, reserved 1060864K
  class space    used 1725K, capacity 1832K, committed 1920K, reserved 1048576K
GC Heap History (10 events):
Event: 91.050 GC heap after
Heap after GC invocations=31 (full 6):
 PSYoungGen      total 275456K, used 42464K [0x0000000795580000, 0x00000007bf900000, 0x00000007c0000000)
  eden space 232960K, 0% used [0x0000000795580000,0x0000000795580000,0x00000007a3900000)
  from space 42496K, 99% used [0x00000007a3900000,0x00000007a6278000,0x00000007a6280000)
  to   space 229376K, 0% used [0x00000007b1900000,0x00000007b1900000,0x00000007bf900000)
 ParOldGen       total 1145344K, used 1019795K [0x0000000740000000, 0x0000000785e80000, 0x0000000795580000)
  object space 1145344K, 89% used [0x0000000740000000,0x000000077e3e4f68,0x0000000785e80000)
 Metaspace       used 13509K, capacity 13810K, committed 13952K, reserved 1060864K
  class space    used 1725K, capacity 1832K, committed 1920K, reserved 1048576K
}
Event: 92.842 GC heap before
{Heap before GC invocations=32 (full 6):
 PSYoungGen      total 275456K, used 275424K [0x0000000795580000, 0x00000007bf900000, 0x00000007c0000000)
  eden space 232960K, 100% used [0x0000000795580000,0x00000007a3900000,0x00000007a3900000)
  from space 42496K, 99% used [0x00000007a3900000,0x00000007a6278000,0x00000007a6280000)
  to   space 229376K, 0% used [0x00000007b1900000,0x00000007b1900000,0x00000007bf900000)
 ParOldGen       total 1145344K, used 1019795K [0x0000000740000000, 0x0000000785e80000, 0x0000000795580000)
  object space 1145344K, 89% used [0x0000000740000000,0x000000077e3e4f68,0x0000000785e80000)
 Metaspace       used 13509K, capacity 13810K, committed 13952K, reserved 1060864K
  class space    used 1725K, capacity 1832K, committed 1920K, reserved 1048576K
Event: 93.094 GC heap after
Heap after GC invocations=32 (full 6):
 PSYoungGen      total 476160K, used 84864K [0x0000000795580000, 0x00000007bf980000, 0x00000007c0000000)
  eden space 246784K, 0% used [0x0000000795580000,0x0000000795580000,0x00000007a4680000)
  from space 229376K, 36% used [0x00000007b1900000,0x00000007b6be0000,0x00000007bf900000)
  to   space 215552K, 0% used [0x00000007a4680000,0x00000007a4680000,0x00000007b1900000)
 ParOldGen       total 1145344K, used 1019795K [0x0000000740000000, 0x0000000785e80000, 0x0000000795580000)
  object space 1145344K, 89% used [0x0000000740000000,0x000000077e3e4f68,0x0000000785e80000)
 Metaspace       used 13509K, capacity 13810K, committed 13952K, reserved 1060864K
  class space    used 1725K, capacity 1832K, committed 1920K, reserved 1048576K
}
Event: 94.945 GC heap before
{Heap before GC invocations=33 (full 6):
 PSYoungGen      total 476160K, used 331648K [0x0000000795580000, 0x00000007bf980000, 0x00000007c0000000)
  eden space 246784K, 100% used [0x0000000795580000,0x00000007a4680000,0x00000007a4680000)
  from space 229376K, 36% used [0x00000007b1900000,0x00000007b6be0000,0x00000007bf900000)
  to   space 215552K, 0% used [0x00000007a4680000,0x00000007a4680000,0x00000007b1900000)
 ParOldGen       total 1145344K, used 1019795K [0x0000000740000000, 0x0000000785e80000, 0x0000000795580000)
  object space 1145344K, 89% used [0x0000000740000000,0x000000077e3e4f68,0x0000000785e80000)
 Metaspace       used 13509K, capacity 13810K, committed 13952K, reserved 1060864K
  class space    used 1725K, capacity 1832K, committed 1920K, reserved 1048576K
Event: 95.317 GC heap after
Heap after GC invocations=33 (full 6):
 PSYoungGen      total 462336K, used 129760K [0x0000000795580000, 0x00000007bfa80000, 0x00000007c0000000)
  eden space 246784K, 0% used [0x0000000795580000,0x0000000795580000,0x00000007a4680000)
  from space 215552K, 60% used [0x00000007a4680000,0x00000007ac538000,0x00000007b1900000)
  to   space 219648K, 0% used [0x00000007b2400000,0x00000007b2400000,0x00000007bfa80000)
 ParOldGen       total 1145344K, used 1019795K [0x0000000740000000, 0x0000000785e80000, 0x0000000795580000)
  object space 1145344K, 89% used [0x0000000740000000,0x000000077e3e4f68,0x0000000785e80000)
 Metaspace       used 13509K, capacity 13810K, committed 13952K, reserved 1060864K
  class space    used 1725K, capacity 1832K, committed 1920K, reserved 1048576K
}
Event: 98.530 GC heap before
{Heap before GC invocations=34 (full 6):
 PSYoungGen      total 462336K, used 376544K [0x0000000795580000, 0x00000007bfa80000, 0x00000007c0000000)
  eden space 246784K, 100% used [0x0000000795580000,0x00000007a4680000,0x00000007a4680000)
  from space 215552K, 60% used [0x00000007a4680000,0x00000007ac538000,0x00000007b1900000)
  to   space 219648K, 0% used [0x00000007b2400000,0x00000007b2400000,0x00000007bfa80000)
 ParOldGen       total 1145344K, used 1019795K [0x0000000740000000, 0x0000000785e80000, 0x0000000795580000)
  object space 1145344K, 89% used [0x0000000740000000,0x000000077e3e4f68,0x0000000785e80000)
 Metaspace       used 13509K, capacity 13810K, committed 13952K, reserved 1060864K
  class space    used 1725K, capacity 1832K, committed 1920K, reserved 1048576K
Event: 101.783 GC heap after
Heap after GC invocations=34 (full 6):
 PSYoungGen      total 452608K, used 174752K [0x0000000795580000, 0x00000007c0000000, 0x00000007c0000000)
  eden space 232960K, 0% used [0x0000000795580000,0x0000000795580000,0x00000007a3900000)
  from space 219648K, 79% used [0x00000007b2400000,0x00000007bcea8000,0x00000007bfa80000)
  to   space 232960K, 0% used [0x00000007a3900000,0x00000007a3900000,0x00000007b1c80000)
 ParOldGen       total 1145344K, used 1019795K [0x0000000740000000, 0x0000000785e80000, 0x0000000795580000)
  object space 1145344K, 89% used [0x0000000740000000,0x000000077e3e4f68,0x0000000785e80000)
 Metaspace       used 13509K, capacity 13810K, committed 13952K, reserved 1060864K
  class space    used 1725K, capacity 1832K, committed 1920K, reserved 1048576K
}
Event: 104.846 GC heap before
{Heap before GC invocations=35 (full 6):
 PSYoungGen      total 452608K, used 407712K [0x0000000795580000, 0x00000007c0000000, 0x00000007c0000000)
  eden space 232960K, 100% used [0x0000000795580000,0x00000007a3900000,0x00000007a3900000)
  from space 219648K, 79% used [0x00000007b2400000,0x00000007bcea8000,0x00000007bfa80000)
  to   space 232960K, 0% used [0x00000007a3900000,0x00000007a3900000,0x00000007b1c80000)
 ParOldGen       total 1145344K, used 1019795K [0x0000000740000000, 0x0000000785e80000, 0x0000000795580000)
  object space 1145344K, 89% used [0x0000000740000000,0x000000077e3e4f68,0x0000000785e80000)
 Metaspace       used 13509K, capacity 13810K, committed 13952K, reserved 1060864K
  class space    used 1725K, capacity 1832K, committed 1920K, reserved 1048576K
Event: 105.501 GC heap after
Heap after GC invocations=35 (full 6):
 PSYoungGen      total 465920K, used 132320K [0x0000000795580000, 0x00000007c0000000, 0x00000007c0000000)
  eden space 232960K, 0% used [0x0000000795580000,0x0000000795580000,0x00000007a3900000)
  from space 232960K, 56% used [0x00000007a3900000,0x00000007aba38000,0x00000007b1c80000)
  to   space 232960K, 0% used [0x00000007b1c80000,0x00000007b1c80000,0x00000007c0000000)
 ParOldGen       total 1145344K, used 1104883K [0x0000000740000000, 0x0000000785e80000, 0x0000000795580000)
  object space 1145344K, 96% used [0x0000000740000000,0x00000007836fcf68,0x0000000785e80000)
 Metaspace       used 13509K, capacity 13810K, committed 13952K, reserved 1060864K
  class space    used 1725K, capacity 1832K, committed 1920K, reserved 1048576K
}
Event: 105.501 GC heap before
{Heap before GC invocations=36 (full 7):
 PSYoungGen      total 465920K, used 132320K [0x0000000795580000, 0x00000007c0000000, 0x00000007c0000000)
  eden space 232960K, 0% used [0x0000000795580000,0x0000000795580000,0x00000007a3900000)
  from space 232960K, 56% used [0x00000007a3900000,0x00000007aba38000,0x00000007b1c80000)
  to   space 232960K, 0% used [0x00000007b1c80000,0x00000007b1c80000,0x00000007c0000000)
 ParOldGen       total 1145344K, used 1104883K [0x0000000740000000, 0x0000000785e80000, 0x0000000795580000)
  object space 1145344K, 96% used [0x0000000740000000,0x00000007836fcf68,0x0000000785e80000)
 Metaspace       used 13509K, capacity 13810K, committed 13952K, reserved 1060864K
  class space    used 1725K, capacity 1832K, committed 1920K, reserved 1048576K

